<?xml version="1.0" encoding="UTF-8"?>
<!-- Generated by org.testng.reporters.JUnitReportReporter -->
<testsuite hostname="A7461XV1" name="com.mckesson.suite.cart.TestCase_B2" tests="1" failures="0" timestamp="20 Nov 2013 21:35:48 GMT" time="0.001" errors="0">
  <testcase name="testcaseB2" time="0.001" classname="com.mckesson.suite.cart.TestCase_B2"/>
</testsuite> <!-- com.mckesson.suite.cart.TestCase_B2 -->
