<?xml version="1.0" encoding="UTF-8"?>
<!-- Generated by org.testng.reporters.JUnitReportReporter -->
<testsuite skipped="0" hostname="PC380535" name="com.mckesson.suite.SiliqInpatPharEnrollment.InpatPharmEnrollmentTest" tests="1" failures="0" timestamp="05 Oct 2017 15:37:04 GMT" time="84.533" errors="0">
  <testcase name="testRegistration" time="84.533" classname="com.mckesson.suite.SiliqInpatPharEnrollment.InpatPharmEnrollmentTest"/>
</testsuite> <!-- com.mckesson.suite.SiliqInpatPharEnrollment.InpatPharmEnrollmentTest -->
